<?xml version="1.0" encoding="UTF-8"?>
<!-- Generated by org.testng.reporters.JUnitXMLReporter -->
<testsuite ignored="0" hostname="DESKTOP-93R9A69" failures="0" tests="2" name="BankingApp Test" time="46.223" errors="0" timestamp="09 Feb 2024 10:29:38 GMT">
  <testcase classname="com.inetbanking.testCases.TC_LoginTest_001" name="loginTest" time="6.254"/>
  <testcase classname="com.inetbanking.testCases.TC_AddCustomerTest_003" name="addNewCustomer" time="19.079"/>
</testsuite> <!-- BankingApp Test -->
